<?xml version="1.0" encoding="UTF-8"?>
<robot generator="Robot 2.8.5 (Jython 2.5.3 on java1.7.0_45)" generated="20140816 12:17:34.331">
<suite source="/Users/jmalinen/Documents/workspace/jenkins-try/submodule2/src/test/robotframework/Suites" id="s1" name="Suites">
<suite source="/Users/jmalinen/Documents/workspace/jenkins-try/submodule2/src/test/robotframework/Suites/haa.txt" id="s1-s1" name="Haa">
<test id="s1-s1-t1" name="Another">
<kw type="kw" name="BuiltIn.Log">
<doc>Logs the given message with the given level.</doc>
<arguments>
<arg>Hello world</arg>
</arguments>
<msg timestamp="20140816 12:17:34.587" level="INFO">Hello world</msg>
<status status="PASS" endtime="20140816 12:17:34.588" starttime="20140816 12:17:34.586"></status>
</kw>
<doc></doc>
<tags>
</tags>
<status status="PASS" critical="yes" endtime="20140816 12:17:34.589" starttime="20140816 12:17:34.583"></status>
</test>
<doc></doc>
<metadata>
</metadata>
<status status="PASS" endtime="20140816 12:17:34.590" starttime="20140816 12:17:34.563"></status>
</suite>
<doc></doc>
<metadata>
</metadata>
<status status="PASS" endtime="20140816 12:17:34.594" starttime="20140816 12:17:34.336"></status>
</suite>
<statistics>
<total>
<stat pass="1" fail="0">Critical Tests</stat>
<stat pass="1" fail="0">All Tests</stat>
</total>
<tag>
</tag>
<suite>
<stat pass="1" id="s1" fail="0" name="Suites">Suites</stat>
<stat pass="1" id="s1-s1" fail="0" name="Haa">Suites.Haa</stat>
</suite>
</statistics>
<errors>
</errors>
</robot>
